<?xml version="1.0" encoding="UTF-8"?>
<testsuite xmlns:xsi="http://www.w3.org/2001/XMLSchema-instance" xsi:noNamespaceSchemaLocation="https://maven.apache.org/surefire/maven-surefire-plugin/xsd/surefire-test-report.xsd" name="api.ProductsTest" time="5.51" tests="3" errors="0" skipped="0" failures="0">
  <properties>
[...]
</properties>
  <testcase name="testProducts[1][1]" classname="api.ProductsTest" time="2.696"/>
  <testcase name="testProducts[1][2]" classname="api.ProductsTest" time="0.441"/>
  <testcase name="testProducts[1][3]" classname="api.ProductsTest" time="1.355"/>
</testsuite>